# JRE version: OpenJDK Runtime Environment (8.0_152-b01) (build 1.8.0_152-release-1343-b01)
# Java VM: OpenJDK 64-Bit Server VM (25.152-b01 mixed mode windows-amd64 compressed oops)
Heap:
 PSYoungGen      total 294400K, used 36335K [0x00000000e0000000, 0x00000000f6880000, 0x0000000100000000)
  eden space 261632K, 4% used [0x00000000e0000000,0x00000000e0a39058,0x00000000eff80000)
  from space 32768K, 78% used [0x00000000eff80000,0x00000000f18c2d78,0x00000000f1f80000)
  to   space 34816K, 0% used [0x00000000f4680000,0x00000000f4680000,0x00000000f6880000)
 ParOldGen       total 131072K, used 81979K [0x00000000a0000000, 0x00000000a8000000, 0x00000000e0000000)
  object space 131072K, 62% used [0x00000000a0000000,0x00000000a500eee8,0x00000000a8000000)
 Metaspace       used 90988K, capacity 95590K, committed 95912K, reserved 1132544K
  class space    used 11994K, capacity 12862K, committed 12968K, reserved 1048576K
GC Heap History (10 events):
Event: 54.628 GC heap before
{Heap before GC invocations=18 (full 3):
 PSYoungGen      total 210944K, used 210940K [0x00000000e0000000, 0x00000000eed80000, 0x0000000100000000)
  eden space 193536K, 100% used [0x00000000e0000000,0x00000000ebd00000,0x00000000ebd00000)
  from space 17408K, 99% used [0x00000000ed380000,0x00000000ee47f060,0x00000000ee480000)
  to   space 23040K, 0% used [0x00000000ebd00000,0x00000000ebd00000,0x00000000ed380000)
 ParOldGen       total 131072K, used 44492K [0x00000000a0000000, 0x00000000a8000000, 0x00000000e0000000)
  object space 131072K, 33% used [0x00000000a0000000,0x00000000a2b73330,0x00000000a8000000)
 Metaspace       used 79457K, capacity 82546K, committed 82856K, reserved 1120256K
  class space    used 10767K, capacity 11358K, committed 11432K, reserved 1048576K
Event: 54.684 GC heap after
Heap after GC invocations=18 (full 3):
 PSYoungGen      total 216576K, used 15419K [0x00000000e0000000, 0x00000000f0e80000, 0x0000000100000000)
  eden space 193536K, 0% used [0x00000000e0000000,0x00000000e0000000,0x00000000ebd00000)
  from space 23040K, 66% used [0x00000000ebd00000,0x00000000ecc0ed98,0x00000000ed380000)
  to   space 23552K, 0% used [0x00000000ef780000,0x00000000ef780000,0x00000000f0e80000)
 ParOldGen       total 131072K, used 61795K [0x00000000a0000000, 0x00000000a8000000, 0x00000000e0000000)
  object space 131072K, 47% used [0x00000000a0000000,0x00000000a3c58d30,0x00000000a8000000)
 Metaspace       used 79457K, capacity 82546K, committed 82856K, reserved 1120256K
  class space    used 10767K, capacity 11358K, committed 11432K, reserved 1048576K
}
Event: 128.869 GC heap before
{Heap before GC invocations=19 (full 3):
 PSYoungGen      total 216576K, used 208955K [0x00000000e0000000, 0x00000000f0e80000, 0x0000000100000000)
  eden space 193536K, 100% used [0x00000000e0000000,0x00000000ebd00000,0x00000000ebd00000)
  from space 23040K, 66% used [0x00000000ebd00000,0x00000000ecc0ed98,0x00000000ed380000)
  to   space 23552K, 0% used [0x00000000ef780000,0x00000000ef780000,0x00000000f0e80000)
 ParOldGen       total 131072K, used 61795K [0x00000000a0000000, 0x00000000a8000000, 0x00000000e0000000)
  object space 131072K, 47% used [0x00000000a0000000,0x00000000a3c58d30,0x00000000a8000000)
 Metaspace       used 86702K, capacity 90334K, committed 90408K, reserved 1128448K
  class space    used 11591K, capacity 12308K, committed 12328K, reserved 1048576K
Event: 128.911 GC heap after
Heap after GC invocations=19 (full 3):
 PSYoungGen      total 245248K, used 20826K [0x00000000e0000000, 0x00000000f0c80000, 0x0000000100000000)
  eden space 223744K, 0% used [0x00000000e0000000,0x00000000e0000000,0x00000000eda80000)
  from space 21504K, 96% used [0x00000000ef780000,0x00000000f0bd6b30,0x00000000f0c80000)
  to   space 25600K, 0% used [0x00000000eda80000,0x00000000eda80000,0x00000000ef380000)
 ParOldGen       total 131072K, used 61803K [0x00000000a0000000, 0x00000000a8000000, 0x00000000e0000000)
  object space 131072K, 47% used [0x00000000a0000000,0x00000000a3c5ad30,0x00000000a8000000)
 Metaspace       used 86702K, capacity 90334K, committed 90408K, reserved 1128448K
  class space    used 11591K, capacity 12308K, committed 12328K, reserved 1048576K
}
Event: 131.537 GC heap before
{Heap before GC invocations=20 (full 3):
 PSYoungGen      total 245248K, used 244570K [0x00000000e0000000, 0x00000000f0c80000, 0x0000000100000000)
  eden space 223744K, 100% used [0x00000000e0000000,0x00000000eda80000,0x00000000eda80000)
  from space 21504K, 96% used [0x00000000ef780000,0x00000000f0bd6b30,0x00000000f0c80000)
  to   space 25600K, 0% used [0x00000000eda80000,0x00000000eda80000,0x00000000ef380000)
 ParOldGen       total 131072K, used 61803K [0x00000000a0000000, 0x00000000a8000000, 0x00000000e0000000)
  object space 131072K, 47% used [0x00000000a0000000,0x00000000a3c5ad30,0x00000000a8000000)
 Metaspace       used 88043K, capacity 92070K, committed 92200K, reserved 1128448K
  class space    used 11767K, capacity 12568K, committed 12584K, reserved 1048576K
Event: 131.642 GC heap after
Heap after GC invocations=20 (full 3):
 PSYoungGen      total 249344K, used 25568K [0x00000000e0000000, 0x00000000f4300000, 0x0000000100000000)
  eden space 223744K, 0% used [0x00000000e0000000,0x00000000e0000000,0x00000000eda80000)
  from space 25600K, 99% used [0x00000000eda80000,0x00000000ef378070,0x00000000ef380000)
  to   space 32256K, 0% used [0x00000000f2380000,0x00000000f2380000,0x00000000f4300000)
 ParOldGen       total 131072K, used 69224K [0x00000000a0000000, 0x00000000a8000000, 0x00000000e0000000)
  object space 131072K, 52% used [0x00000000a0000000,0x00000000a439a348,0x00000000a8000000)
 Metaspace       used 88043K, capacity 92070K, committed 92200K, reserved 1128448K
  class space    used 11767K, capacity 12568K, committed 12584K, reserved 1048576K
}
Event: 144.222 GC heap before
{Heap before GC invocations=21 (full 3):
 PSYoungGen      total 249344K, used 249312K [0x00000000e0000000, 0x00000000f4300000, 0x0000000100000000)
  eden space 223744K, 100% used [0x00000000e0000000,0x00000000eda80000,0x00000000eda80000)
  from space 25600K, 99% used [0x00000000eda80000,0x00000000ef378070,0x00000000ef380000)
  to   space 32256K, 0% used [0x00000000f2380000,0x00000000f2380000,0x00000000f4300000)
 ParOldGen       total 131072K, used 69224K [0x00000000a0000000, 0x00000000a8000000, 0x00000000e0000000)
  object space 131072K, 52% used [0x00000000a0000000,0x00000000a439a348,0x00000000a8000000)
 Metaspace       used 89472K, capacity 93786K, committed 93992K, reserved 1130496K
  class space    used 11923K, capacity 12780K, committed 12840K, reserved 1048576K
Event: 144.275 GC heap after
Heap after GC invocations=21 (full 3):
 PSYoungGen      total 290304K, used 20807K [0x00000000e0000000, 0x00000000f3f80000, 0x0000000100000000)
  eden space 261632K, 0% used [0x00000000e0000000,0x00000000e0000000,0x00000000eff80000)
  from space 28672K, 72% used [0x00000000f2380000,0x00000000f37d1d08,0x00000000f3f80000)
  to   space 32768K, 0% used [0x00000000eff80000,0x00000000eff80000,0x00000000f1f80000)
 ParOldGen       total 131072K, used 81971K [0x00000000a0000000, 0x00000000a8000000, 0x00000000e0000000)
  object space 131072K, 62% used [0x00000000a0000000,0x00000000a500cee8,0x00000000a8000000)
 Metaspace       used 89472K, capacity 93786K, committed 93992K, reserved 1130496K
  class space    used 11923K, capacity 12780K, committed 12840K, reserved 1048576K
}
Event: 215.354 GC heap before
{Heap before GC invocations=22 (full 3):
 PSYoungGen      total 290304K, used 282439K [0x00000000e0000000, 0x00000000f3f80000, 0x0000000100000000)
  eden space 261632K, 100% used [0x00000000e0000000,0x00000000eff80000,0x00000000eff80000)
  from space 28672K, 72% used [0x00000000f2380000,0x00000000f37d1d08,0x00000000f3f80000)
  to   space 32768K, 0% used [0x00000000eff80000,0x00000000eff80000,0x00000000f1f80000)
 ParOldGen       total 131072K, used 81971K [0x00000000a0000000, 0x00000000a8000000, 0x00000000e0000000)
  object space 131072K, 62% used [0x00000000a0000000,0x00000000a500cee8,0x00000000a8000000)
 Metaspace       used 90644K, capacity 95210K, committed 95272K, reserved 1132544K
  class space    used 11960K, capacity 12826K, committed 12840K, reserved 1048576K
Event: 215.412 GC heap after
Heap after GC invocations=22 (full 3):
 PSYoungGen      total 294400K, used 25867K [0x00000000e0000000, 0x00000000f6880000, 0x0000000100000000)
  eden space 261632K, 0% used [0x00000000e0000000,0x00000000e0000000,0x00000000eff80000)
  from space 32768K, 78% used [0x00000000eff80000,0x00000000f18c2d78,0x00000000f1f80000)
  to   space 34816K, 0% used [0x00000000f4680000,0x00000000f4680000,0x00000000f6880000)
 ParOldGen       total 131072K, used 81979K [0x00000000a0000000, 0x00000000a8000000, 0x00000000e0000000)
  object space 131072K, 62% used [0x00000000a0000000,0x00000000a500eee8,0x00000000a8000000)
 Metaspace       used 90644K, capacity 95210K, committed 95272K, reserved 1132544K
  class space    used 11960K, capacity 12826K, committed 12840K, reserved 1048576K
}

