# JRE version: OpenJDK Runtime Environment (8.0_152-b01) (build 1.8.0_152-release-1343-b01)
# Java VM: OpenJDK 64-Bit Server VM (25.152-b01 mixed mode windows-amd64 compressed oops)
Heap:
 PSYoungGen      total 211968K, used 44309K [0x00000000e0000000, 0x00000000f1200000, 0x0000000100000000)
  eden space 153088K, 28% used [0x00000000e0000000,0x00000000e2b454b8,0x00000000e9580000)
  from space 58880K, 0% used [0x00000000ece00000,0x00000000ece00000,0x00000000f0780000)
  to   space 57856K, 0% used [0x00000000e9580000,0x00000000e9580000,0x00000000ece00000)
 ParOldGen       total 191488K, used 87095K [0x00000000a0000000, 0x00000000abb00000, 0x00000000e0000000)
  object space 191488K, 45% used [0x00000000a0000000,0x00000000a550dc48,0x00000000abb00000)
 Metaspace       used 114859K, capacity 121528K, committed 130688K, reserved 1163264K
  class space    used 14060K, capacity 15229K, committed 16768K, reserved 1048576K
GC Heap History (10 events):
Event: 29781.638 GC heap before
{Heap before GC invocations=89 (full 10):
 PSYoungGen      total 207360K, used 203092K [0x00000000e0000000, 0x00000000f1c80000, 0x0000000100000000)
  eden space 162304K, 100% used [0x00000000e0000000,0x00000000e9e80000,0x00000000e9e80000)
  from space 45056K, 90% used [0x00000000ef080000,0x00000000f1855118,0x00000000f1c80000)
  to   space 64512K, 0% used [0x00000000e9e80000,0x00000000e9e80000,0x00000000edd80000)
 ParOldGen       total 109056K, used 91934K [0x00000000a0000000, 0x00000000a6a80000, 0x00000000e0000000)
  object space 109056K, 84% used [0x00000000a0000000,0x00000000a59c7850,0x00000000a6a80000)
 Metaspace       used 117796K, capacity 124904K, committed 130688K, reserved 1163264K
  class space    used 14433K, capacity 15750K, committed 16768K, reserved 1048576K
Event: 29781.727 GC heap after
Heap after GC invocations=89 (full 10):
 PSYoungGen      total 226816K, used 37488K [0x00000000e0000000, 0x00000000f2500000, 0x0000000100000000)
  eden space 162304K, 0% used [0x00000000e0000000,0x00000000e0000000,0x00000000e9e80000)
  from space 64512K, 58% used [0x00000000e9e80000,0x00000000ec31c298,0x00000000edd80000)
  to   space 61952K, 0% used [0x00000000ee880000,0x00000000ee880000,0x00000000f2500000)
 ParOldGen       total 109056K, used 93134K [0x00000000a0000000, 0x00000000a6a80000, 0x00000000e0000000)
  object space 109056K, 85% used [0x00000000a0000000,0x00000000a5af3890,0x00000000a6a80000)
 Metaspace       used 117796K, capacity 124904K, committed 130688K, reserved 1163264K
  class space    used 14433K, capacity 15750K, committed 16768K, reserved 1048576K
}
Event: 29941.902 GC heap before
{Heap before GC invocations=90 (full 10):
 PSYoungGen      total 226816K, used 199780K [0x00000000e0000000, 0x00000000f2500000, 0x0000000100000000)
  eden space 162304K, 99% used [0x00000000e0000000,0x00000000e9e7ce10,0x00000000e9e80000)
  from space 64512K, 58% used [0x00000000e9e80000,0x00000000ec31c298,0x00000000edd80000)
  to   space 61952K, 0% used [0x00000000ee880000,0x00000000ee880000,0x00000000f2500000)
 ParOldGen       total 109056K, used 93134K [0x00000000a0000000, 0x00000000a6a80000, 0x00000000e0000000)
  object space 109056K, 85% used [0x00000000a0000000,0x00000000a5af3890,0x00000000a6a80000)
 Metaspace       used 117944K, capacity 125110K, committed 130688K, reserved 1163264K
  class space    used 14446K, capacity 15773K, committed 16768K, reserved 1048576K
Event: 29941.973 GC heap after
Heap after GC invocations=90 (full 10):
 PSYoungGen      total 197120K, used 29096K [0x00000000e0000000, 0x00000000f0f80000, 0x0000000100000000)
  eden space 157184K, 0% used [0x00000000e0000000,0x00000000e0000000,0x00000000e9980000)
  from space 39936K, 72% used [0x00000000ee880000,0x00000000f04ea348,0x00000000f0f80000)
  to   space 60416K, 0% used [0x00000000e9980000,0x00000000e9980000,0x00000000ed480000)
 ParOldGen       total 109056K, used 93846K [0x00000000a0000000, 0x00000000a6a80000, 0x00000000e0000000)
  object space 109056K, 86% used [0x00000000a0000000,0x00000000a5ba5920,0x00000000a6a80000)
 Metaspace       used 117944K, capacity 125110K, committed 130688K, reserved 1163264K
  class space    used 14446K, capacity 15773K, committed 16768K, reserved 1048576K
}
Event: 29954.560 GC heap before
{Heap before GC invocations=91 (full 10):
 PSYoungGen      total 197120K, used 186280K [0x00000000e0000000, 0x00000000f0f80000, 0x0000000100000000)
  eden space 157184K, 100% used [0x00000000e0000000,0x00000000e9980000,0x00000000e9980000)
  from space 39936K, 72% used [0x00000000ee880000,0x00000000f04ea348,0x00000000f0f80000)
  to   space 60416K, 0% used [0x00000000e9980000,0x00000000e9980000,0x00000000ed480000)
 ParOldGen       total 109056K, used 93846K [0x00000000a0000000, 0x00000000a6a80000, 0x00000000e0000000)
  object space 109056K, 86% used [0x00000000a0000000,0x00000000a5ba5920,0x00000000a6a80000)
 Metaspace       used 118006K, capacity 125294K, committed 130688K, reserved 1163264K
  class space    used 14457K, capacity 15794K, committed 16768K, reserved 1048576K
Event: 29954.609 GC heap after
Heap after GC invocations=91 (full 10):
 PSYoungGen      total 183808K, used 31637K [0x00000000e0000000, 0x00000000f0780000, 0x0000000100000000)
  eden space 152064K, 0% used [0x00000000e0000000,0x00000000e0000000,0x00000000e9480000)
  from space 31744K, 99% used [0x00000000e9980000,0x00000000eb8655a8,0x00000000eb880000)
  to   space 58880K, 0% used [0x00000000ece00000,0x00000000ece00000,0x00000000f0780000)
 ParOldGen       total 109056K, used 96036K [0x00000000a0000000, 0x00000000a6a80000, 0x00000000e0000000)
  object space 109056K, 88% used [0x00000000a0000000,0x00000000a5dc93c0,0x00000000a6a80000)
 Metaspace       used 118006K, capacity 125294K, committed 130688K, reserved 1163264K
  class space    used 14457K, capacity 15794K, committed 16768K, reserved 1048576K
}
Event: 29956.480 GC heap before
{Heap before GC invocations=92 (full 10):
 PSYoungGen      total 183808K, used 183701K [0x00000000e0000000, 0x00000000f0780000, 0x0000000100000000)
  eden space 152064K, 100% used [0x00000000e0000000,0x00000000e9480000,0x00000000e9480000)
  from space 31744K, 99% used [0x00000000e9980000,0x00000000eb8655a8,0x00000000eb880000)
  to   space 58880K, 0% used [0x00000000ece00000,0x00000000ece00000,0x00000000f0780000)
 ParOldGen       total 109056K, used 96036K [0x00000000a0000000, 0x00000000a6a80000, 0x00000000e0000000)
  object space 109056K, 88% used [0x00000000a0000000,0x00000000a5dc93c0,0x00000000a6a80000)
 Metaspace       used 118270K, capacity 125592K, committed 130688K, reserved 1163264K
  class space    used 14479K, capacity 15832K, committed 16768K, reserved 1048576K
Event: 29956.525 GC heap after
Heap after GC invocations=92 (full 10):
 PSYoungGen      total 211968K, used 27241K [0x00000000e0000000, 0x00000000f1200000, 0x0000000100000000)
  eden space 153088K, 0% used [0x00000000e0000000,0x00000000e0000000,0x00000000e9580000)
  from space 58880K, 46% used [0x00000000ece00000,0x00000000ee89a6c8,0x00000000f0780000)
  to   space 57856K, 0% used [0x00000000e9580000,0x00000000e9580000,0x00000000ece00000)
 ParOldGen       total 109056K, used 102397K [0x00000000a0000000, 0x00000000a6a80000, 0x00000000e0000000)
  object space 109056K, 93% used [0x00000000a0000000,0x00000000a63ff420,0x00000000a6a80000)
 Metaspace       used 118270K, capacity 125592K, committed 130688K, reserved 1163264K
  class space    used 14479K, capacity 15832K, committed 16768K, reserved 1048576K
}
Event: 29956.525 GC heap before
{Heap before GC invocations=93 (full 11):
 PSYoungGen      total 211968K, used 27241K [0x00000000e0000000, 0x00000000f1200000, 0x0000000100000000)
  eden space 153088K, 0% used [0x00000000e0000000,0x00000000e0000000,0x00000000e9580000)
  from space 58880K, 46% used [0x00000000ece00000,0x00000000ee89a6c8,0x00000000f0780000)
  to   space 57856K, 0% used [0x00000000e9580000,0x00000000e9580000,0x00000000ece00000)
 ParOldGen       total 109056K, used 102397K [0x00000000a0000000, 0x00000000a6a80000, 0x00000000e0000000)
  object space 109056K, 93% used [0x00000000a0000000,0x00000000a63ff420,0x00000000a6a80000)
 Metaspace       used 118270K, capacity 125592K, committed 130688K, reserved 1163264K
  class space    used 14479K, capacity 15832K, committed 16768K, reserved 1048576K
Event: 29957.123 GC heap after
Heap after GC invocations=93 (full 11):
 PSYoungGen      total 211968K, used 0K [0x00000000e0000000, 0x00000000f1200000, 0x0000000100000000)
  eden space 153088K, 0% used [0x00000000e0000000,0x00000000e0000000,0x00000000e9580000)
  from space 58880K, 0% used [0x00000000ece00000,0x00000000ece00000,0x00000000f0780000)
  to   space 57856K, 0% used [0x00000000e9580000,0x00000000e9580000,0x00000000ece00000)
 ParOldGen       total 191488K, used 87095K [0x00000000a0000000, 0x00000000abb00000, 0x00000000e0000000)
  object space 191488K, 45% used [0x00000000a0000000,0x00000000a550dc48,0x00000000abb00000)
 Metaspace       used 114835K, capacity 121528K, committed 130688K, reserved 1163264K
  class space    used 14060K, capacity 15229K, committed 16768K, reserved 1048576K
}

